  PluginProcessor.cpp
  PluginEditor.cpp
C:\Users\lando\Documents\GitHub\Chorus\Chorus_Windows\Source\PluginEditor.h(22,24): warning C4244: 'initializing': conversion from 'double' to 'float', possible loss of data (compiling source file ..\..\Source\PluginEditor.cpp)
C:\Users\lando\Documents\GitHub\Chorus\Chorus_Windows\Source\PluginEditor.h(23,22): warning C4244: 'initializing': conversion from 'double' to 'float', possible loss of data (compiling source file ..\..\Source\PluginEditor.cpp)
C:\Users\lando\Documents\GitHub\Chorus\Chorus_Windows\Source\PluginEditor.h(24,23): warning C4244: 'initializing': conversion from 'double' to 'float', possible loss of data (compiling source file ..\..\Source\PluginEditor.cpp)
C:\Users\lando\Documents\GitHub\Chorus\Chorus_Windows\Source\PluginEditor.h(25,23): warning C4244: 'initializing': conversion from 'double' to 'float', possible loss of data (compiling source file ..\..\Source\PluginEditor.cpp)
C:\Users\lando\Documents\GitHub\Chorus\Chorus_Windows\Source\PluginEditor.h(31,1): warning C4305: 'argument': truncation from 'double' to 'float' (compiling source file ..\..\Source\PluginEditor.cpp)
C:\Users\lando\Documents\GitHub\Chorus\Chorus_Windows\Source\PluginEditor.h(32,1): warning C4305: 'argument': truncation from 'double' to 'float' (compiling source file ..\..\Source\PluginEditor.cpp)
C:\Users\lando\Documents\GitHub\Chorus\Chorus_Windows\Source\PluginEditor.h(32,180): warning C4244: 'argument': conversion from 'double' to 'float', possible loss of data (compiling source file ..\..\Source\PluginEditor.cpp)
C:\Users\lando\Documents\GitHub\Chorus\Chorus_Windows\Source\PluginEditor.h(32,115): warning C4244: 'argument': conversion from 'double' to 'float', possible loss of data (compiling source file ..\..\Source\PluginEditor.cpp)
C:\Users\lando\Documents\GitHub\Chorus\Chorus_Windows\Source\PluginEditor.h(22,24): warning C4244: 'initializing': conversion from 'double' to 'float', possible loss of data (compiling source file ..\..\Source\PluginProcessor.cpp)
C:\Users\lando\Documents\GitHub\Chorus\Chorus_Windows\Source\PluginEditor.h(23,22): warning C4244: 'initializing': conversion from 'double' to 'float', possible loss of data (compiling source file ..\..\Source\PluginProcessor.cpp)
C:\Users\lando\Documents\GitHub\Chorus\Chorus_Windows\Source\PluginEditor.h(37,60): warning C4244: 'argument': conversion from 'double' to 'float', possible loss of data (compiling source file ..\..\Source\PluginEditor.cpp)
C:\Users\lando\Documents\GitHub\Chorus\Chorus_Windows\Source\PluginEditor.h(24,23): warning C4244: 'initializing': conversion from 'double' to 'float', possible loss of data (compiling source file ..\..\Source\PluginProcessor.cpp)
C:\Users\lando\Documents\GitHub\Chorus\Chorus_Windows\Source\PluginEditor.h(25,23): warning C4244: 'initializing': conversion from 'double' to 'float', possible loss of data (compiling source file ..\..\Source\PluginProcessor.cpp)
C:\Users\lando\Documents\GitHub\Chorus\Chorus_Windows\Source\PluginEditor.h(31,1): warning C4305: 'argument': truncation from 'double' to 'float' (compiling source file ..\..\Source\PluginProcessor.cpp)
C:\Users\lando\Documents\GitHub\Chorus\Chorus_Windows\Source\PluginEditor.h(20,160): warning C4100: 'slider': unreferenced formal parameter (compiling source file ..\..\Source\PluginEditor.cpp)
C:\Users\lando\Documents\GitHub\Chorus\Chorus_Windows\Source\PluginEditor.h(32,1): warning C4305: 'argument': truncation from 'double' to 'float' (compiling source file ..\..\Source\PluginProcessor.cpp)
C:\Users\lando\Documents\GitHub\Chorus\Chorus_Windows\Source\PluginEditor.h(32,180): warning C4244: 'argument': conversion from 'double' to 'float', possible loss of data (compiling source file ..\..\Source\PluginProcessor.cpp)
C:\Users\lando\Documents\GitHub\Chorus\Chorus_Windows\Source\PluginEditor.h(32,115): warning C4244: 'argument': conversion from 'double' to 'float', possible loss of data (compiling source file ..\..\Source\PluginProcessor.cpp)
C:\Users\lando\Documents\GitHub\Chorus\Chorus_Windows\Source\PluginEditor.h(37,60): warning C4244: 'argument': conversion from 'double' to 'float', possible loss of data (compiling source file ..\..\Source\PluginProcessor.cpp)
C:\Users\lando\Documents\GitHub\Chorus\Chorus_Windows\Source\PluginEditor.h(20,160): warning C4100: 'slider': unreferenced formal parameter (compiling source file ..\..\Source\PluginProcessor.cpp)
C:\Users\lando\Documents\GitHub\Chorus\Chorus_Windows\Source\PluginEditor.cpp(120,85): warning C4244: 'argument': conversion from 'int' to 'float', possible loss of data
C:\Users\lando\Documents\GitHub\Chorus\Chorus_Windows\Source\PluginEditor.cpp(120,61): warning C4244: 'argument': conversion from 'int' to 'float', possible loss of data
C:\Users\lando\Documents\GitHub\Chorus\Chorus_Windows\Source\PluginEditor.cpp(120,155): warning C4244: 'argument': conversion from 'double' to 'float', possible loss of data
C:\Users\lando\Documents\GitHub\Chorus\Chorus_Windows\Source\PluginEditor.cpp(133,85): warning C4244: 'argument': conversion from 'int' to 'float', possible loss of data
C:\Users\lando\Documents\GitHub\Chorus\Chorus_Windows\Source\PluginEditor.cpp(133,61): warning C4244: 'argument': conversion from 'int' to 'float', possible loss of data
C:\Users\lando\Documents\GitHub\Chorus\Chorus_Windows\Source\PluginEditor.cpp(133,156): warning C4244: 'argument': conversion from 'double' to 'float', possible loss of data
C:\Users\lando\Documents\GitHub\Chorus\Chorus_Windows\Source\PluginEditor.cpp(146,87): warning C4244: 'argument': conversion from 'int' to 'float', possible loss of data
C:\Users\lando\Documents\GitHub\Chorus\Chorus_Windows\Source\PluginEditor.cpp(146,63): warning C4244: 'argument': conversion from 'int' to 'float', possible loss of data
C:\Users\lando\Documents\GitHub\Chorus\Chorus_Windows\Source\PluginEditor.cpp(146,164): warning C4244: 'argument': conversion from 'double' to 'float', possible loss of data
C:\Users\lando\Documents\GitHub\Chorus\Chorus_Windows\Source\PluginEditor.cpp(159,86): warning C4244: 'argument': conversion from 'int' to 'float', possible loss of data
C:\Users\lando\Documents\GitHub\Chorus\Chorus_Windows\Source\PluginEditor.cpp(159,62): warning C4244: 'argument': conversion from 'int' to 'float', possible loss of data
C:\Users\lando\Documents\GitHub\Chorus\Chorus_Windows\Source\PluginEditor.cpp(159,160): warning C4244: 'argument': conversion from 'double' to 'float', possible loss of data
C:\Users\lando\Documents\GitHub\Chorus\Chorus_Windows\Source\PluginEditor.cpp(172,86): warning C4244: 'argument': conversion from 'int' to 'float', possible loss of data
C:\Users\lando\Documents\GitHub\Chorus\Chorus_Windows\Source\PluginEditor.cpp(172,62): warning C4244: 'argument': conversion from 'int' to 'float', possible loss of data
C:\Users\lando\Documents\GitHub\Chorus\Chorus_Windows\Source\PluginEditor.cpp(172,155): warning C4244: 'argument': conversion from 'double' to 'float', possible loss of data
C:\Users\lando\Documents\GitHub\Chorus\Chorus_Windows\Source\PluginEditor.cpp(178,184): warning C4244: 'argument': conversion from 'double' to 'int', possible loss of data
C:\Users\lando\Documents\GitHub\Chorus\Chorus_Windows\Source\PluginEditor.cpp(178,143): warning C4244: 'argument': conversion from 'double' to 'int', possible loss of data
C:\Users\lando\Documents\GitHub\Chorus\Chorus_Windows\Source\PluginEditor.cpp(178,102): warning C4244: 'argument': conversion from 'double' to 'int', possible loss of data
C:\Users\lando\Documents\GitHub\Chorus\Chorus_Windows\Source\PluginEditor.cpp(178,61): warning C4244: 'argument': conversion from 'double' to 'int', possible loss of data
C:\Users\lando\Documents\GitHub\Chorus\Chorus_Windows\Source\PluginProcessor.cpp(103,58): warning C4100: 'index': unreferenced formal parameter
C:\Users\lando\Documents\GitHub\Chorus\Chorus_Windows\Source\PluginProcessor.cpp(107,69): warning C4100: 'index': unreferenced formal parameter
C:\Users\lando\Documents\GitHub\Chorus\Chorus_Windows\Source\PluginProcessor.cpp(112,85): warning C4100: 'newName': unreferenced formal parameter
C:\Users\lando\Documents\GitHub\Chorus\Chorus_Windows\Source\PluginProcessor.cpp(112,58): warning C4100: 'index': unreferenced formal parameter
C:\Users\lando\Documents\GitHub\Chorus\Chorus_Windows\Source\PluginProcessor.cpp(159,101): warning C4100: 'midiMessages': unreferenced formal parameter
  Chorus_Windows_SharedCode.vcxproj -> C:\Users\lando\Documents\GitHub\Chorus\Chorus_Windows\Builds\VisualStudio2019\x64\Debug\Shared Code\Chorus_Windows.lib
